<?xml version="1.0" encoding="UTF-8"?>
<testng-results ignored="0" total="1" passed="1" failed="0" skipped="0">
  <reporter-output>
  </reporter-output>
  <suite started-at="2024-05-28T20:57:29 IST" name="Default suite" finished-at="2024-05-28T20:58:10 IST" duration-ms="40814">
    <groups>
    </groups>
    <test started-at="2024-05-28T20:57:29 IST" name="Default test" finished-at="2024-05-28T20:58:10 IST" duration-ms="40814">
      <class name="testscripts.regression.TotalPatientRegistration">
        <test-method is-config="true" signature="fileSetUp()[pri:0, instance:testscripts.regression.TotalPatientRegistration@3ba987b8]" started-at="2024-05-28T20:57:29 IST" name="fileSetUp" finished-at="2024-05-28T20:57:30 IST" duration-ms="11" status="PASS">
          <reporter-output>
          </reporter-output>
        </test-method> <!-- fileSetUp -->
        <test-method is-config="true" signature="setup()[pri:0, instance:testscripts.regression.TotalPatientRegistration@3ba987b8]" started-at="2024-05-28T20:57:30 IST" name="setup" finished-at="2024-05-28T20:57:39 IST" duration-ms="9741" status="PASS">
          <reporter-output>
          </reporter-output>
        </test-method> <!-- setup -->
        <test-method signature="Registration()[pri:0, instance:testscripts.regression.TotalPatientRegistration@3ba987b8]" started-at="2024-05-28T20:57:39 IST" name="Registration" finished-at="2024-05-28T20:58:06 IST" duration-ms="27185" status="PASS">
          <reporter-output>
          </reporter-output>
        </test-method> <!-- Registration -->
        <test-method is-config="true" signature="teardown()[pri:0, instance:testscripts.regression.TotalPatientRegistration@3ba987b8]" started-at="2024-05-28T20:58:06 IST" name="teardown" finished-at="2024-05-28T20:58:10 IST" duration-ms="3831" status="PASS">
          <reporter-output>
          </reporter-output>
        </test-method> <!-- teardown -->
      </class> <!-- testscripts.regression.TotalPatientRegistration -->
    </test> <!-- Default test -->
  </suite> <!-- Default suite -->
</testng-results>
